# JRE version: Java(TM) SE Runtime Environment (8.0_172-b11) (build 1.8.0_172-b11)
# Java VM: Java HotSpot(TM) 64-Bit Server VM (25.172-b11 mixed mode bsd-amd64 compressed oops)
Heap:
 PSYoungGen      total 380928K, used 190982K [0x00000007a0000000, 0x00000007bea80000, 0x00000007c0000000)
  eden space 260608K, 65% used [0x00000007a0000000,0x00000007aa741860,0x00000007afe80000)
  from space 120320K, 16% used [0x00000007b7500000,0x00000007b8840030,0x00000007bea80000)
  to   space 120832K, 0% used [0x00000007afe80000,0x00000007afe80000,0x00000007b7480000)
 ParOldGen       total 525824K, used 414069K [0x0000000760000000, 0x0000000780180000, 0x00000007a0000000)
  object space 525824K, 78% used [0x0000000760000000,0x000000077945d4a0,0x0000000780180000)
 Metaspace       used 693753K, capacity 785347K, committed 786240K, reserved 1730560K
  class space    used 100082K, capacity 104866K, committed 105088K, reserved 1048576K
GC Heap History (10 events):
Event: 5150.313 GC heap before
{Heap before GC invocations=96 (full 14):
 PSYoungGen      total 357888K, used 201984K [0x00000007a0000000, 0x00000007bf980000, 0x00000007c0000000)
  eden space 199680K, 100% used [0x00000007a0000000,0x00000007ac300000,0x00000007ac300000)
  from space 158208K, 1% used [0x00000007ac300000,0x00000007ac540000,0x00000007b5d80000)
  to   space 153600K, 0% used [0x00000007b6380000,0x00000007b6380000,0x00000007bf980000)
 ParOldGen       total 525824K, used 336292K [0x0000000760000000, 0x0000000780180000, 0x00000007a0000000)
  object space 525824K, 63% used [0x0000000760000000,0x0000000774869178,0x0000000780180000)
 Metaspace       used 682220K, capacity 773115K, committed 777152K, reserved 1722368K
  class space    used 98211K, capacity 102903K, committed 103424K, reserved 1048576K
Event: 5150.332 GC heap after
Heap after GC invocations=96 (full 14):
 PSYoungGen      total 357888K, used 2198K [0x00000007a0000000, 0x00000007bf180000, 0x00000007c0000000)
  eden space 212480K, 0% used [0x00000007a0000000,0x00000007a0000000,0x00000007acf80000)
  from space 145408K, 1% used [0x00000007b6380000,0x00000007b65a5ab0,0x00000007bf180000)
  to   space 148480K, 0% used [0x00000007acf80000,0x00000007acf80000,0x00000007b6080000)
 ParOldGen       total 525824K, used 336324K [0x0000000760000000, 0x0000000780180000, 0x00000007a0000000)
  object space 525824K, 63% used [0x0000000760000000,0x0000000774871178,0x0000000780180000)
 Metaspace       used 682220K, capacity 773115K, committed 777152K, reserved 1722368K
  class space    used 98211K, capacity 102903K, committed 103424K, reserved 1048576K
}
Event: 5151.099 GC heap before
{Heap before GC invocations=97 (full 14):
 PSYoungGen      total 357888K, used 214678K [0x00000007a0000000, 0x00000007bf180000, 0x00000007c0000000)
  eden space 212480K, 100% used [0x00000007a0000000,0x00000007acf80000,0x00000007acf80000)
  from space 145408K, 1% used [0x00000007b6380000,0x00000007b65a5ab0,0x00000007bf180000)
  to   space 148480K, 0% used [0x00000007acf80000,0x00000007acf80000,0x00000007b6080000)
 ParOldGen       total 525824K, used 336324K [0x0000000760000000, 0x0000000780180000, 0x00000007a0000000)
  object space 525824K, 63% used [0x0000000760000000,0x0000000774871178,0x0000000780180000)
 Metaspace       used 682232K, capacity 773115K, committed 777152K, reserved 1722368K
  class space    used 98211K, capacity 102903K, committed 103424K, reserved 1048576K
Event: 5151.145 GC heap after
Heap after GC invocations=97 (full 14):
 PSYoungGen      total 360960K, used 21695K [0x00000007a0000000, 0x00000007bf200000, 0x00000007c0000000)
  eden space 212480K, 0% used [0x00000007a0000000,0x00000007a0000000,0x00000007acf80000)
  from space 148480K, 14% used [0x00000007acf80000,0x00000007ae4aff58,0x00000007b6080000)
  to   space 139776K, 0% used [0x00000007b6980000,0x00000007b6980000,0x00000007bf200000)
 ParOldGen       total 525824K, used 336364K [0x0000000760000000, 0x0000000780180000, 0x00000007a0000000)
  object space 525824K, 63% used [0x0000000760000000,0x000000077487b178,0x0000000780180000)
 Metaspace       used 682232K, capacity 773115K, committed 777152K, reserved 1722368K
  class space    used 98211K, capacity 102903K, committed 103424K, reserved 1048576K
}
Event: 5154.846 GC heap before
{Heap before GC invocations=98 (full 14):
 PSYoungGen      total 360960K, used 234175K [0x00000007a0000000, 0x00000007bf200000, 0x00000007c0000000)
  eden space 212480K, 100% used [0x00000007a0000000,0x00000007acf80000,0x00000007acf80000)
  from space 148480K, 14% used [0x00000007acf80000,0x00000007ae4aff58,0x00000007b6080000)
  to   space 139776K, 0% used [0x00000007b6980000,0x00000007b6980000,0x00000007bf200000)
 ParOldGen       total 525824K, used 336364K [0x0000000760000000, 0x0000000780180000, 0x00000007a0000000)
  object space 525824K, 63% used [0x0000000760000000,0x000000077487b178,0x0000000780180000)
 Metaspace       used 682650K, capacity 773673K, committed 777152K, reserved 1722368K
  class space    used 98266K, capacity 102977K, committed 103424K, reserved 1048576K
Event: 5154.906 GC heap after
Heap after GC invocations=98 (full 14):
 PSYoungGen      total 370688K, used 49493K [0x00000007a0000000, 0x00000007bed80000, 0x00000007c0000000)
  eden space 235520K, 0% used [0x00000007a0000000,0x00000007a0000000,0x00000007ae600000)
  from space 135168K, 36% used [0x00000007b6980000,0x00000007b99d5568,0x00000007bed80000)
  to   space 134656K, 0% used [0x00000007ae600000,0x00000007ae600000,0x00000007b6980000)
 ParOldGen       total 525824K, used 355987K [0x0000000760000000, 0x0000000780180000, 0x00000007a0000000)
  object space 525824K, 67% used [0x0000000760000000,0x0000000775ba4cb0,0x0000000780180000)
 Metaspace       used 682650K, capacity 773673K, committed 777152K, reserved 1722368K
  class space    used 98266K, capacity 102977K, committed 103424K, reserved 1048576K
}
Event: 5157.919 GC heap before
{Heap before GC invocations=99 (full 14):
 PSYoungGen      total 370688K, used 285013K [0x00000007a0000000, 0x00000007bed80000, 0x00000007c0000000)
  eden space 235520K, 100% used [0x00000007a0000000,0x00000007ae600000,0x00000007ae600000)
  from space 135168K, 36% used [0x00000007b6980000,0x00000007b99d5568,0x00000007bed80000)
  to   space 134656K, 0% used [0x00000007ae600000,0x00000007ae600000,0x00000007b6980000)
 ParOldGen       total 525824K, used 355987K [0x0000000760000000, 0x0000000780180000, 0x00000007a0000000)
  object space 525824K, 67% used [0x0000000760000000,0x0000000775ba4cb0,0x0000000780180000)
 Metaspace       used 682660K, capacity 773673K, committed 777152K, reserved 1722368K
  class space    used 98266K, capacity 102977K, committed 103424K, reserved 1048576K
Event: 5157.956 GC heap after
Heap after GC invocations=99 (full 14):
 PSYoungGen      total 370176K, used 20097K [0x00000007a0000000, 0x00000007bf180000, 0x00000007c0000000)
  eden space 235520K, 0% used [0x00000007a0000000,0x00000007a0000000,0x00000007ae600000)
  from space 134656K, 14% used [0x00000007ae600000,0x00000007af9a0770,0x00000007b6980000)
  to   space 127488K, 0% used [0x00000007b7500000,0x00000007b7500000,0x00000007bf180000)
 ParOldGen       total 525824K, used 399125K [0x0000000760000000, 0x0000000780180000, 0x00000007a0000000)
  object space 525824K, 75% used [0x0000000760000000,0x00000007785c55b0,0x0000000780180000)
 Metaspace       used 682660K, capacity 773673K, committed 777152K, reserved 1722368K
  class space    used 98266K, capacity 102977K, committed 103424K, reserved 1048576K
}
Event: 5162.388 GC heap before
{Heap before GC invocations=100 (full 14):
 PSYoungGen      total 370176K, used 255617K [0x00000007a0000000, 0x00000007bf180000, 0x00000007c0000000)
  eden space 235520K, 100% used [0x00000007a0000000,0x00000007ae600000,0x00000007ae600000)
  from space 134656K, 14% used [0x00000007ae600000,0x00000007af9a0770,0x00000007b6980000)
  to   space 127488K, 0% used [0x00000007b7500000,0x00000007b7500000,0x00000007bf180000)
 ParOldGen       total 525824K, used 399125K [0x0000000760000000, 0x0000000780180000, 0x00000007a0000000)
  object space 525824K, 75% used [0x0000000760000000,0x00000007785c55b0,0x0000000780180000)
 Metaspace       used 682671K, capacity 773673K, committed 777152K, reserved 1722368K
  class space    used 98266K, capacity 102977K, committed 103424K, reserved 1048576K
Event: 5162.439 GC heap after
Heap after GC invocations=100 (full 14):
 PSYoungGen      total 380928K, used 19712K [0x00000007a0000000, 0x00000007bea80000, 0x00000007c0000000)
  eden space 260608K, 0% used [0x00000007a0000000,0x00000007a0000000,0x00000007afe80000)
  from space 120320K, 16% used [0x00000007b7500000,0x00000007b8840030,0x00000007bea80000)
  to   space 120832K, 0% used [0x00000007afe80000,0x00000007afe80000,0x00000007b7480000)
 ParOldGen       total 525824K, used 414069K [0x0000000760000000, 0x0000000780180000, 0x00000007a0000000)
  object space 525824K, 78% used [0x0000000760000000,0x000000077945d4a0,0x0000000780180000)
 Metaspace       used 682671K, capacity 773673K, committed 777152K, reserved 1722368K
  class space    used 98266K, capacity 102977K, committed 103424K, reserved 1048576K
}

